<?xml version="1.0" encoding="UTF-8"?>
<!-- Generated by org.testng.reporters.JUnitXMLReporter -->
<testsuite hostname="DESKTOP-UF756DS" ignored="0" name="Test" tests="11" failures="1" timestamp="2020-12-07T21:14:12 IST" time="215.717" errors="0">
  <testcase name="signInWithValidCredentials" time="23.508" classname="com.Pratian.Culturewerkz.Automation.TestClasses.TestSignIn"/>
  <testcase name="signInWithInvalidCredentials" time="90.041" classname="com.Pratian.Culturewerkz.Automation.TestClasses.TestSignIn2"/>
  <testcase name="signInWithoutCredentials" time="2.761" classname="com.Pratian.Culturewerkz.Automation.TestClasses.TestSignIn3"/>
  <testcase name="search" time="10.737" classname="com.Pratian.Culturewerkz.Automation.TestClasses.TestSearch1"/>
  <testcase name="search" time="1.68" classname="com.Pratian.Culturewerkz.Automation.TestClasses.TestSearch1"/>
  <testcase name="search" time="1.027" classname="com.Pratian.Culturewerkz.Automation.TestClasses.TestSearch1"/>
  <testcase name="search" time="0.639" classname="com.Pratian.Culturewerkz.Automation.TestClasses.TestSearch1"/>
  <testcase name="search" time="28.02" classname="com.Pratian.Culturewerkz.Automation.TestClasses.TestSearch2"/>
  <testcase name="search" time="31.008" classname="com.Pratian.Culturewerkz.Automation.TestClasses.TestSearch2">
    <failure type="org.openqa.selenium.TimeoutException" message="Expected condition failed: waiting for visibility of element located by By.xpath: /html/body/div[2]/div[1]/div[2]/div/form/div/div/ul/li[1] (tried for 30 second(s) with 500 milliseconds interval)
Build info: version: &amp;apos;3.141.59&amp;apos;, revision: &amp;apos;e82be7d358&amp;apos;, time: &amp;apos;2018-11-14T08:17:03&amp;apos;
System info: host: &amp;apos;DESKTOP-UF756DS&amp;apos;, ip: &amp;apos;192.168.99.1&amp;apos;, os.name: &amp;apos;Windows 10&amp;apos;, os.arch: &amp;apos;amd64&amp;apos;, os.version: &amp;apos;10.0&amp;apos;, java.version: &amp;apos;1.8.0_131&amp;apos;
Driver info: org.openqa.selenium.chrome.ChromeDriver
Capabilities {acceptInsecureCerts: false, browserName: chrome, browserVersion: 86.0.4240.198, chrome: {chromedriverVersion: 86.0.4240.22 (398b0743353ff..., userDataDir: C:\Users\shank\AppData\Loca...}, goog:chromeOptions: {debuggerAddress: localhost:1066}, javascriptEnabled: true, networkConnectionEnabled: false, pageLoadStrategy: normal, platform: WINDOWS, platformName: WINDOWS, proxy: Proxy(), setWindowRect: true, strictFileInteractability: false, timeouts: {implicit: 0, pageLoad: 300000, script: 30000}, unhandledPromptBehavior: dismiss and notify, webauthn:virtualAuthenticators: true}
Session ID: 03e2972123f5fdaa326064b2f9b6e8f0">
      <![CDATA[org.openqa.selenium.TimeoutException: Expected condition failed: waiting for visibility of element located by By.xpath: /html/body/div[2]/div[1]/div[2]/div/form/div/div/ul/li[1] (tried for 30 second(s) with 500 milliseconds interval)
Build info: version: '3.141.59', revision: 'e82be7d358', time: '2018-11-14T08:17:03'
System info: host: 'DESKTOP-UF756DS', ip: '192.168.99.1', os.name: 'Windows 10', os.arch: 'amd64', os.version: '10.0', java.version: '1.8.0_131'
Driver info: org.openqa.selenium.chrome.ChromeDriver
Capabilities {acceptInsecureCerts: false, browserName: chrome, browserVersion: 86.0.4240.198, chrome: {chromedriverVersion: 86.0.4240.22 (398b0743353ff..., userDataDir: C:\Users\shank\AppData\Loca...}, goog:chromeOptions: {debuggerAddress: localhost:1066}, javascriptEnabled: true, networkConnectionEnabled: false, pageLoadStrategy: normal, platform: WINDOWS, platformName: WINDOWS, proxy: Proxy(), setWindowRect: true, strictFileInteractability: false, timeouts: {implicit: 0, pageLoad: 300000, script: 30000}, unhandledPromptBehavior: dismiss and notify, webauthn:virtualAuthenticators: true}
Session ID: 03e2972123f5fdaa326064b2f9b6e8f0
at org.openqa.selenium.support.ui.WebDriverWait.timeoutException(WebDriverWait.java:95)
at org.openqa.selenium.support.ui.FluentWait.until(FluentWait.java:272)
at com.Pratian.Culturewerkz.Automation.TestClasses.TestSearch2.search(TestSearch2.java:39)
at java.util.ArrayList.forEach(ArrayList.java:1249)
... Removed 27 stack frames]]>
    </failure>
  </testcase> <!-- search -->
  <testcase name="search" time="0.867" classname="com.Pratian.Culturewerkz.Automation.TestClasses.TestSearch2"/>
  <testcase name="search" time="1.012" classname="com.Pratian.Culturewerkz.Automation.TestClasses.TestSearch2"/>
</testsuite> <!-- Test -->
