<?xml version="1.0" encoding="UTF-8"?>
<!-- Generated by org.testng.reporters.JUnitXMLReporter -->
<testsuite hostname="DESKTOP-UF756DS" ignored="0" name="Test1" tests="5" failures="1" timestamp="2021-02-10T19:11:49 IST" time="110.626" errors="0">
  <testcase name="signInWithValidCredentials" time="67.174" classname="com.Pratian.Culturewerkz.Automation.TestClasses.TestSignIn">
    <failure type="java.lang.AssertionError" message="expected [Krishna Kumar Sivakumar] but found []">
      <![CDATA[java.lang.AssertionError: expected [Krishna Kumar Sivakumar] but found []
at com.Pratian.Culturewerkz.Automation.TestClasses.TestSignIn.signInWithValidCredentials(TestSignIn.java:44)
at java.util.ArrayList.forEach(ArrayList.java:1249)
... Removed 32 stack frames]]>
    </failure>
  </testcase> <!-- signInWithValidCredentials -->
  <testcase name="search" time="25.666" classname="com.Pratian.Culturewerkz.Automation.TestClasses.TestSearch1"/>
  <testcase name="search" time="1.026" classname="com.Pratian.Culturewerkz.Automation.TestClasses.TestSearch1"/>
  <testcase name="search" time="0.427" classname="com.Pratian.Culturewerkz.Automation.TestClasses.TestSearch1"/>
  <testcase name="search" time="0.452" classname="com.Pratian.Culturewerkz.Automation.TestClasses.TestSearch1"/>
</testsuite> <!-- Test1 -->
